    Finished `release` profile [optimized] target(s) in 0.05s
     Running `target/release/examples/reward_benchmark --c1-readout --c1-diagnostic --c1-eval-aligned-rstdp --c1-teacher-strength 1.0 --seeds 42 --epochs 32 --teacher-forcing --target-clamp-strength 500 --teacher-ms 40 --corpus-vocab 64 --dg-bridge --plasticity-off-during-eval --decorrelated-init`
[iter-66] c1_readout mode=trained seeds=[42] epochs=32 vocab=64 dg=true c1.size=1000 c1.sparsity_k=20 c1.from_r2_fanout=30 c1.teacher_strength=1.00 clamp=500 teacher_ms=40 recall_mode_eval=true
[iter-63 trained] seed=42 decorrelated init: vocab=64 R2_N=2000 R2-E=1400 block_size=21 (disjoint invariant ✓)
[iter-63 trained] seed=42 DG bridge: dg_size=4000 dg_k=80 dg_to_r2_fanout=30 dg_to_r2_weight=1.00 direct_r1r2_scale=0.00
[iter-66 trained] seed=42 C1 readout: c1_size=1000 sparsity_k=20 from_r2_fanout=30 init_w_max=0.50 teacher_strength=1.00 (R2-E→C1 plastic, M_target gated)
[iter-66 diag] seed=42 pre-train: r2_r2_synapses=199492 r2c1_synapses=42000 r2c1_l2=59.0621 r2c1_mean_w=0.2496 r2c1_init_w_max=0.50
[iter-66 diag] seed=42 epoch=0/32 teacher: trials=256 c1_active_frac=1.000 c1_spikes_mean=462.56 clamp_eff=1.000 | eval: kwta_empty=32/32 target_in_dict=0/32 spikes_mean=0.00 top3_r2=0.0312 top3_c1=0.0000 mrr_c1=0.0000 raw_overlap=0.000 dict_concepts=0 | r2c1: l2=45.0675 nz_upd=42000 max|Δw|=0.7990 sum|Δw|=10843.1596
[iter-66 diag] seed=42 epoch=1/32 teacher: trials=256 c1_active_frac=1.000 c1_spikes_mean=300.00 clamp_eff=1.000 | eval: kwta_empty=32/32 target_in_dict=0/32 spikes_mean=0.00 top3_r2=0.0312 top3_c1=0.0000 mrr_c1=0.0000 raw_overlap=0.000 dict_concepts=0 | r2c1: l2=45.0429 nz_upd=42000 max|Δw|=0.7990 sum|Δw|=10870.2300
[iter-66 diag] seed=42 epoch=2/32 teacher: trials=256 c1_active_frac=1.000 c1_spikes_mean=300.00 clamp_eff=1.000 | eval: kwta_empty=32/32 target_in_dict=0/32 spikes_mean=0.00 top3_r2=0.0312 top3_c1=0.0000 mrr_c1=0.0000 raw_overlap=0.000 dict_concepts=0 | r2c1: l2=45.0499 nz_upd=42000 max|Δw|=0.7990 sum|Δw|=10867.5690
[iter-66 diag] seed=42 epoch=3/32 teacher: trials=256 c1_active_frac=1.000 c1_spikes_mean=300.00 clamp_eff=1.000 | eval: kwta_empty=32/32 target_in_dict=0/32 spikes_mean=0.00 top3_r2=0.0312 top3_c1=0.0000 mrr_c1=0.0000 raw_overlap=0.000 dict_concepts=0 | r2c1: l2=45.0505 nz_upd=42000 max|Δw|=0.7990 sum|Δw|=10865.3526
[iter-66 diag] seed=42 epoch=4/32 teacher: trials=256 c1_active_frac=1.000 c1_spikes_mean=300.00 clamp_eff=1.000 | eval: kwta_empty=32/32 target_in_dict=0/32 spikes_mean=0.00 top3_r2=0.0312 top3_c1=0.0000 mrr_c1=0.0000 raw_overlap=0.000 dict_concepts=0 | r2c1: l2=45.0553 nz_upd=42000 max|Δw|=0.7990 sum|Δw|=10866.4154
[iter-66 diag] seed=42 epoch=5/32 teacher: trials=256 c1_active_frac=1.000 c1_spikes_mean=300.00 clamp_eff=1.000 | eval: kwta_empty=32/32 target_in_dict=0/32 spikes_mean=0.00 top3_r2=0.0312 top3_c1=0.0000 mrr_c1=0.0000 raw_overlap=0.000 dict_concepts=0 | r2c1: l2=45.0507 nz_upd=42000 max|Δw|=0.7990 sum|Δw|=10865.3281
[iter-66 diag] seed=42 epoch=6/32 teacher: trials=256 c1_active_frac=1.000 c1_spikes_mean=300.00 clamp_eff=1.000 | eval: kwta_empty=32/32 target_in_dict=0/32 spikes_mean=0.00 top3_r2=0.0312 top3_c1=0.0000 mrr_c1=0.0000 raw_overlap=0.000 dict_concepts=0 | r2c1: l2=45.0615 nz_upd=42000 max|Δw|=0.7990 sum|Δw|=10864.7911
[iter-66 diag] seed=42 epoch=7/32 teacher: trials=256 c1_active_frac=1.000 c1_spikes_mean=300.00 clamp_eff=1.000 | eval: kwta_empty=32/32 target_in_dict=0/32 spikes_mean=0.00 top3_r2=0.0312 top3_c1=0.0000 mrr_c1=0.0000 raw_overlap=0.000 dict_concepts=0 | r2c1: l2=45.0512 nz_upd=42000 max|Δw|=0.7990 sum|Δw|=10868.8412
[iter-66 diag] seed=42 epoch=8/32 teacher: trials=256 c1_active_frac=1.000 c1_spikes_mean=300.00 clamp_eff=1.000 | eval: kwta_empty=32/32 target_in_dict=0/32 spikes_mean=0.00 top3_r2=0.0312 top3_c1=0.0000 mrr_c1=0.0000 raw_overlap=0.000 dict_concepts=0 | r2c1: l2=45.0420 nz_upd=42000 max|Δw|=0.7990 sum|Δw|=10870.7376
[iter-66 diag] seed=42 epoch=9/32 teacher: trials=256 c1_active_frac=1.000 c1_spikes_mean=300.00 clamp_eff=1.000 | eval: kwta_empty=32/32 target_in_dict=0/32 spikes_mean=0.00 top3_r2=0.0312 top3_c1=0.0000 mrr_c1=0.0000 raw_overlap=0.000 dict_concepts=0 | r2c1: l2=45.0438 nz_upd=42000 max|Δw|=0.7990 sum|Δw|=10869.2083
[iter-66 diag] seed=42 epoch=10/32 teacher: trials=256 c1_active_frac=1.000 c1_spikes_mean=300.04 clamp_eff=1.000 | eval: kwta_empty=32/32 target_in_dict=0/32 spikes_mean=0.00 top3_r2=0.0312 top3_c1=0.0000 mrr_c1=0.0000 raw_overlap=0.000 dict_concepts=0 | r2c1: l2=45.0358 nz_upd=42000 max|Δw|=0.7990 sum|Δw|=10871.9917
[iter-66 diag] seed=42 epoch=11/32 teacher: trials=256 c1_active_frac=1.000 c1_spikes_mean=300.04 clamp_eff=1.000 | eval: kwta_empty=32/32 target_in_dict=0/32 spikes_mean=0.00 top3_r2=0.0000 top3_c1=0.0000 mrr_c1=0.0000 raw_overlap=0.000 dict_concepts=0 | r2c1: l2=45.0456 nz_upd=42000 max|Δw|=0.7990 sum|Δw|=10869.3990
[iter-66 diag] seed=42 epoch=12/32 teacher: trials=256 c1_active_frac=1.000 c1_spikes_mean=300.02 clamp_eff=1.000 | eval: kwta_empty=32/32 target_in_dict=0/32 spikes_mean=0.00 top3_r2=0.0312 top3_c1=0.0000 mrr_c1=0.0000 raw_overlap=0.000 dict_concepts=0 | r2c1: l2=45.0380 nz_upd=42000 max|Δw|=0.7990 sum|Δw|=10871.9355
[iter-66 diag] seed=42 epoch=13/32 teacher: trials=256 c1_active_frac=1.000 c1_spikes_mean=300.02 clamp_eff=1.000 | eval: kwta_empty=32/32 target_in_dict=0/32 spikes_mean=0.00 top3_r2=0.0312 top3_c1=0.0000 mrr_c1=0.0000 raw_overlap=0.000 dict_concepts=0 | r2c1: l2=45.0448 nz_upd=42000 max|Δw|=0.7990 sum|Δw|=10868.8123
[iter-66 diag] seed=42 epoch=14/32 teacher: trials=256 c1_active_frac=1.000 c1_spikes_mean=300.03 clamp_eff=1.000 | eval: kwta_empty=32/32 target_in_dict=0/32 spikes_mean=0.00 top3_r2=0.0000 top3_c1=0.0000 mrr_c1=0.0000 raw_overlap=0.000 dict_concepts=0 | r2c1: l2=45.0420 nz_upd=42000 max|Δw|=0.7990 sum|Δw|=10868.6129
[iter-66 diag] seed=42 epoch=15/32 teacher: trials=256 c1_active_frac=1.000 c1_spikes_mean=300.03 clamp_eff=1.000 | eval: kwta_empty=32/32 target_in_dict=0/32 spikes_mean=0.00 top3_r2=0.0000 top3_c1=0.0000 mrr_c1=0.0000 raw_overlap=0.000 dict_concepts=0 | r2c1: l2=45.0322 nz_upd=42000 max|Δw|=0.7990 sum|Δw|=10871.8958
[iter-66 diag] seed=42 epoch=16/32 teacher: trials=256 c1_active_frac=1.000 c1_spikes_mean=300.02 clamp_eff=1.000 | eval: kwta_empty=32/32 target_in_dict=0/32 spikes_mean=0.00 top3_r2=0.0000 top3_c1=0.0000 mrr_c1=0.0000 raw_overlap=0.000 dict_concepts=0 | r2c1: l2=45.0408 nz_upd=42000 max|Δw|=0.7990 sum|Δw|=10868.0875
[iter-66 diag] seed=42 epoch=17/32 teacher: trials=256 c1_active_frac=1.000 c1_spikes_mean=300.02 clamp_eff=1.000 | eval: kwta_empty=32/32 target_in_dict=0/32 spikes_mean=0.00 top3_r2=0.0312 top3_c1=0.0000 mrr_c1=0.0000 raw_overlap=0.000 dict_concepts=0 | r2c1: l2=45.0358 nz_upd=42000 max|Δw|=0.7990 sum|Δw|=10871.7884
[iter-66 diag] seed=42 epoch=18/32 teacher: trials=256 c1_active_frac=1.000 c1_spikes_mean=300.03 clamp_eff=1.000 | eval: kwta_empty=32/32 target_in_dict=0/32 spikes_mean=0.00 top3_r2=0.0312 top3_c1=0.0000 mrr_c1=0.0000 raw_overlap=0.000 dict_concepts=0 | r2c1: l2=45.0386 nz_upd=42000 max|Δw|=0.7990 sum|Δw|=10868.1837
[iter-66 diag] seed=42 epoch=19/32 teacher: trials=256 c1_active_frac=1.000 c1_spikes_mean=300.03 clamp_eff=1.000 | eval: kwta_empty=32/32 target_in_dict=0/32 spikes_mean=0.00 top3_r2=0.0312 top3_c1=0.0000 mrr_c1=0.0000 raw_overlap=0.000 dict_concepts=0 | r2c1: l2=45.0370 nz_upd=42000 max|Δw|=0.7990 sum|Δw|=10869.1209
[iter-66 diag] seed=42 epoch=20/32 teacher: trials=256 c1_active_frac=1.000 c1_spikes_mean=300.02 clamp_eff=1.000 | eval: kwta_empty=32/32 target_in_dict=0/32 spikes_mean=0.00 top3_r2=0.0000 top3_c1=0.0000 mrr_c1=0.0000 raw_overlap=0.000 dict_concepts=0 | r2c1: l2=45.0510 nz_upd=42000 max|Δw|=0.7990 sum|Δw|=10867.8173
[iter-66 diag] seed=42 epoch=21/32 teacher: trials=256 c1_active_frac=1.000 c1_spikes_mean=300.03 clamp_eff=1.000 | eval: kwta_empty=32/32 target_in_dict=0/32 spikes_mean=0.00 top3_r2=0.0312 top3_c1=0.0000 mrr_c1=0.0000 raw_overlap=0.000 dict_concepts=0 | r2c1: l2=45.0375 nz_upd=42000 max|Δw|=0.7990 sum|Δw|=10871.6570
[iter-66 diag] seed=42 epoch=22/32 teacher: trials=256 c1_active_frac=1.000 c1_spikes_mean=300.04 clamp_eff=1.000 | eval: kwta_empty=32/32 target_in_dict=0/32 spikes_mean=0.00 top3_r2=0.0000 top3_c1=0.0000 mrr_c1=0.0000 raw_overlap=0.000 dict_concepts=0 | r2c1: l2=45.0434 nz_upd=42000 max|Δw|=0.7990 sum|Δw|=10871.6162
[iter-66 diag] seed=42 epoch=23/32 teacher: trials=256 c1_active_frac=1.000 c1_spikes_mean=300.02 clamp_eff=1.000 | eval: kwta_empty=32/32 target_in_dict=0/32 spikes_mean=0.00 top3_r2=0.0000 top3_c1=0.0000 mrr_c1=0.0000 raw_overlap=0.000 dict_concepts=0 | r2c1: l2=45.0416 nz_upd=42000 max|Δw|=0.7990 sum|Δw|=10868.3474
