    Finished `release` profile [optimized] target(s) in 0.05s
     Running `target/release/examples/reward_benchmark --c1-readout --c1-diagnostic --c1-eval-aligned-rstdp --c1-btsp --c1-btsp-target-gated --c1-btsp-no-r2-isolation --c1-btsp-window-ms 200 --c1-btsp-strength 0.4 --c1-btsp-teacher-recurrent-e-scale 1.0 --c1-btsp-teacher-recurrent-i-scale 0.3 --c1-teacher-strength 1.0 --seeds 42 --epochs 5 --teacher-forcing --target-clamp-strength 500 --teacher-ms 40 --corpus-vocab 64 --dg-bridge --plasticity-off-during-eval --decorrelated-init`
[iter-66] c1_readout mode=trained seeds=[42] epochs=5 vocab=64 dg=true c1.size=1000 c1.sparsity_k=20 c1.from_r2_fanout=30 c1.teacher_strength=1.00 clamp=500 teacher_ms=40 recall_mode_eval=true
[iter-63 trained] seed=42 decorrelated init: vocab=64 R2_N=2000 R2-E=1400 block_size=21 (disjoint invariant ✓)
[iter-63 trained] seed=42 DG bridge: dg_size=4000 dg_k=80 dg_to_r2_fanout=30 dg_to_r2_weight=1.00 direct_r1r2_scale=0.00
[iter-66 trained] seed=42 C1 readout: c1_size=1000 sparsity_k=20 from_r2_fanout=30 init_w_max=0.50 teacher_strength=1.00 (R2-E→C1 plastic, M_target gated)
[iter-66 diag] seed=42 pre-train: r2_r2_synapses=199492 r2c1_synapses=42000 r2c1_l2=59.0621 r2c1_mean_w=0.2496 r2c1_init_w_max=0.50
[iter-66 diag] seed=42 epoch=0/5 teacher: trials=256 c1_active_frac=1.000 c1_spikes_mean=5847.07 clamp_eff=1.000 | eval: kwta_empty=0/32 target_in_dict=7/32 spikes_mean=6368.59 top3_r2=0.0312 top3_c1=0.0312 mrr_c1=0.0432 raw_overlap=0.016 dict_concepts=64 | r2c1: l2=163.1009 nz_upd=42000 max|Δw|=0.8000 sum|Δw|=22985.3777 tgt_w=0.7904 non_w=0.7960 w_ratio=0.993 | btsp: plateau_events=224311 potentiation_events=16975974
[iter-66 diag] seed=42 epoch=1/5 teacher: trials=256 c1_active_frac=1.000 c1_spikes_mean=6279.21 clamp_eff=1.000 | eval: kwta_empty=0/32 target_in_dict=10/32 spikes_mean=6412.16 top3_r2=0.0312 top3_c1=0.0312 mrr_c1=0.0446 raw_overlap=0.016 dict_concepts=64 | r2c1: l2=163.6790 nz_upd=42000 max|Δw|=0.8000 sum|Δw|=23077.1192 tgt_w=0.7977 non_w=0.7970 w_ratio=1.001 | btsp: plateau_events=226208 potentiation_events=18637360
[iter-66 diag] seed=42 epoch=2/5 teacher: trials=256 c1_active_frac=1.000 c1_spikes_mean=6321.11 clamp_eff=1.000 | eval: kwta_empty=0/32 target_in_dict=6/32 spikes_mean=6267.44 top3_r2=0.0312 top3_c1=0.0312 mrr_c1=0.0285 raw_overlap=0.022 dict_concepts=64 | r2c1: l2=163.7474 nz_upd=42000 max|Δw|=0.8000 sum|Δw|=23087.3201 tgt_w=0.7984 non_w=0.7974 w_ratio=1.001 | btsp: plateau_events=226512 potentiation_events=18699272
[iter-66 diag] seed=42 epoch=3/5 teacher: trials=256 c1_active_frac=1.000 c1_spikes_mean=6337.24 clamp_eff=1.000 | eval: kwta_empty=0/32 target_in_dict=7/32 spikes_mean=6307.44 top3_r2=0.0312 top3_c1=0.0625 mrr_c1=0.0659 raw_overlap=0.019 dict_concepts=64 | r2c1: l2=163.7072 nz_upd=42000 max|Δw|=0.8000 sum|Δw|=23083.7606 tgt_w=0.7979 non_w=0.7970 w_ratio=1.001 | btsp: plateau_events=226512 potentiation_events=18716430
[iter-66 diag] seed=42 epoch=4/5 teacher: trials=256 c1_active_frac=1.000 c1_spikes_mean=6338.41 clamp_eff=1.000 | eval: kwta_empty=0/32 target_in_dict=5/32 spikes_mean=6309.62 top3_r2=0.0312 top3_c1=0.0625 mrr_c1=0.0549 raw_overlap=0.023 dict_concepts=64 | r2c1: l2=163.7575 nz_upd=42000 max|Δw|=0.8000 sum|Δw|=23089.4902 tgt_w=0.7985 non_w=0.7975 w_ratio=1.001 | btsp: plateau_events=226512 potentiation_events=18722280
[iter-63 trained] seed=42 target_top3_overlap=0.0312 c1_target_top3_overlap=0.0437 (mean top3_accuracy over 5 epochs, vocab=64, dg=true, c1=true, decorrelated=true, recall_mode=true)
### Iter-66 — C1 readout (trained arm)

_n_seeds = 1, vocab = 64, ep = 5, DG = true, recall-mode = true, c1.size = 1000, c1.teacher_strength = 1.00_

| Seed | target_top3_overlap (R2) | c1_target_top3_overlap (C1) | C1 − R2 |
| ---: | ---: | ---: | ---: |
| 42 | 0.0312 | 0.0437 | +0.0125 |

**Aggregate:** R2 μ = 0.0312 ± 0.0000, C1 μ = 0.0437 ± 0.0000 (n = 1).

Verdict matrix (locked in notes/66-ca1-heteroassoc-readout.md) is applied at the step-8 main run (8 seeds × 32 epochs). Smoke runs report pipeline integrity only.
