=== c1_btsp_teacher_recurrent_scale = 0.30 ===
    Finished `release` profile [optimized] target(s) in 0.07s
     Running `target/release/examples/reward_benchmark --c1-readout --c1-diagnostic --c1-eval-aligned-rstdp --c1-btsp --c1-btsp-target-gated --c1-btsp-window-ms 200 --c1-btsp-strength 0.4 --c1-btsp-teacher-recurrent-scale 0.30 --c1-teacher-strength 1.0 --seeds 42 --epochs 5 --teacher-forcing --target-clamp-strength 500 --teacher-ms 40 --corpus-vocab 64 --dg-bridge --plasticity-off-during-eval --decorrelated-init`
[iter-66] c1_readout mode=trained seeds=[42] epochs=5 vocab=64 dg=true c1.size=1000 c1.sparsity_k=20 c1.from_r2_fanout=30 c1.teacher_strength=1.00 clamp=500 teacher_ms=40 recall_mode_eval=true
[iter-63 trained] seed=42 decorrelated init: vocab=64 R2_N=2000 R2-E=1400 block_size=21 (disjoint invariant ✓)
[iter-63 trained] seed=42 DG bridge: dg_size=4000 dg_k=80 dg_to_r2_fanout=30 dg_to_r2_weight=1.00 direct_r1r2_scale=0.00
[iter-66 trained] seed=42 C1 readout: c1_size=1000 sparsity_k=20 from_r2_fanout=30 init_w_max=0.50 teacher_strength=1.00 (R2-E→C1 plastic, M_target gated)
[iter-66 diag] seed=42 pre-train: r2_r2_synapses=199492 r2c1_synapses=42000 r2c1_l2=59.0621 r2c1_mean_w=0.2496 r2c1_init_w_max=0.50
[iter-66 diag] seed=42 epoch=0/5 teacher: trials=256 c1_active_frac=1.000 c1_spikes_mean=322.02 clamp_eff=1.000 | eval: kwta_empty=32/32 target_in_dict=0/32 spikes_mean=0.00 top3_r2=0.0312 top3_c1=0.0000 mrr_c1=0.0000 raw_overlap=0.000 dict_concepts=0 | r2c1: l2=80.9080 nz_upd=42000 max|Δw|=0.7956 sum|Δw|=11462.6887 tgt_w=0.2670 non_w=0.2288 w_ratio=1.167 | btsp: plateau_events=6435 potentiation_events=55067
[iter-66 diag] seed=42 epoch=1/5 teacher: trials=256 c1_active_frac=1.000 c1_spikes_mean=300.01 clamp_eff=1.000 | eval: kwta_empty=32/32 target_in_dict=0/32 spikes_mean=0.00 top3_r2=0.0312 top3_c1=0.0000 mrr_c1=0.0000 raw_overlap=0.000 dict_concepts=0 | r2c1: l2=81.8146 nz_upd=42000 max|Δw|=0.7956 sum|Δw|=11554.7588 tgt_w=0.2719 non_w=0.2288 w_ratio=1.188 | btsp: plateau_events=5120 potentiation_events=11258
[iter-66 diag] seed=42 epoch=2/5 teacher: trials=256 c1_active_frac=1.000 c1_spikes_mean=300.02 clamp_eff=1.000 | eval: kwta_empty=32/32 target_in_dict=0/32 spikes_mean=0.00 top3_r2=0.0000 top3_c1=0.0000 mrr_c1=0.0000 raw_overlap=0.000 dict_concepts=0 | r2c1: l2=82.0954 nz_upd=42000 max|Δw|=0.7956 sum|Δw|=11581.5084 tgt_w=0.2738 non_w=0.2288 w_ratio=1.197 | btsp: plateau_events=5120 potentiation_events=11128
[iter-66 diag] seed=42 epoch=3/5 teacher: trials=256 c1_active_frac=1.000 c1_spikes_mean=300.02 clamp_eff=1.000 | eval: kwta_empty=32/32 target_in_dict=0/32 spikes_mean=0.00 top3_r2=0.0000 top3_c1=0.0000 mrr_c1=0.0000 raw_overlap=0.000 dict_concepts=0 | r2c1: l2=82.1073 nz_upd=42000 max|Δw|=0.7956 sum|Δw|=11582.2187 tgt_w=0.2740 non_w=0.2288 w_ratio=1.197 | btsp: plateau_events=5120 potentiation_events=10949
[iter-66 diag] seed=42 epoch=4/5 teacher: trials=256 c1_active_frac=1.000 c1_spikes_mean=300.01 clamp_eff=1.000 | eval: kwta_empty=30/32 target_in_dict=0/32 spikes_mean=0.06 top3_r2=0.0312 top3_c1=0.0000 mrr_c1=0.0000 raw_overlap=0.000 dict_concepts=0 | r2c1: l2=82.1975 nz_upd=42000 max|Δw|=0.7956 sum|Δw|=11588.7263 tgt_w=0.2745 non_w=0.2288 w_ratio=1.200 | btsp: plateau_events=5120 potentiation_events=10916
[iter-63 trained] seed=42 target_top3_overlap=0.0188 c1_target_top3_overlap=0.0000 (mean top3_accuracy over 5 epochs, vocab=64, dg=true, c1=true, decorrelated=true, recall_mode=true)
### Iter-66 — C1 readout (trained arm)

_n_seeds = 1, vocab = 64, ep = 5, DG = true, recall-mode = true, c1.size = 1000, c1.teacher_strength = 1.00_

| Seed | target_top3_overlap (R2) | c1_target_top3_overlap (C1) | C1 − R2 |
| ---: | ---: | ---: | ---: |
| 42 | 0.0188 | 0.0000 | -0.0188 |

**Aggregate:** R2 μ = 0.0188 ± 0.0000, C1 μ = 0.0000 ± 0.0000 (n = 1).

Verdict matrix (locked in notes/66-ca1-heteroassoc-readout.md) is applied at the step-8 main run (8 seeds × 32 epochs). Smoke runs report pipeline integrity only.
=== done scale = 0.30 ===
=== c1_btsp_teacher_recurrent_scale = 0.50 ===
    Finished `release` profile [optimized] target(s) in 0.07s
     Running `target/release/examples/reward_benchmark --c1-readout --c1-diagnostic --c1-eval-aligned-rstdp --c1-btsp --c1-btsp-target-gated --c1-btsp-window-ms 200 --c1-btsp-strength 0.4 --c1-btsp-teacher-recurrent-scale 0.50 --c1-teacher-strength 1.0 --seeds 42 --epochs 5 --teacher-forcing --target-clamp-strength 500 --teacher-ms 40 --corpus-vocab 64 --dg-bridge --plasticity-off-during-eval --decorrelated-init`
[iter-66] c1_readout mode=trained seeds=[42] epochs=5 vocab=64 dg=true c1.size=1000 c1.sparsity_k=20 c1.from_r2_fanout=30 c1.teacher_strength=1.00 clamp=500 teacher_ms=40 recall_mode_eval=true
[iter-63 trained] seed=42 decorrelated init: vocab=64 R2_N=2000 R2-E=1400 block_size=21 (disjoint invariant ✓)
[iter-63 trained] seed=42 DG bridge: dg_size=4000 dg_k=80 dg_to_r2_fanout=30 dg_to_r2_weight=1.00 direct_r1r2_scale=0.00
[iter-66 trained] seed=42 C1 readout: c1_size=1000 sparsity_k=20 from_r2_fanout=30 init_w_max=0.50 teacher_strength=1.00 (R2-E→C1 plastic, M_target gated)
[iter-66 diag] seed=42 pre-train: r2_r2_synapses=199492 r2c1_synapses=42000 r2c1_l2=59.0621 r2c1_mean_w=0.2496 r2c1_init_w_max=0.50
[iter-66 diag] seed=42 epoch=0/5 teacher: trials=256 c1_active_frac=1.000 c1_spikes_mean=324.91 clamp_eff=1.000 | eval: kwta_empty=32/32 target_in_dict=0/32 spikes_mean=0.00 top3_r2=0.0312 top3_c1=0.0000 mrr_c1=0.0000 raw_overlap=0.000 dict_concepts=0 | r2c1: l2=80.0527 nz_upd=42000 max|Δw|=0.7967 sum|Δw|=11411.9066 tgt_w=0.2621 non_w=0.2239 w_ratio=1.171 | btsp: plateau_events=6328 potentiation_events=51247
[iter-66 diag] seed=42 epoch=1/5 teacher: trials=256 c1_active_frac=1.000 c1_spikes_mean=300.03 clamp_eff=1.000 | eval: kwta_empty=32/32 target_in_dict=0/32 spikes_mean=0.00 top3_r2=0.0312 top3_c1=0.0000 mrr_c1=0.0000 raw_overlap=0.000 dict_concepts=0 | r2c1: l2=81.0124 nz_upd=42000 max|Δw|=0.7967 sum|Δw|=11505.5548 tgt_w=0.2675 non_w=0.2239 w_ratio=1.195 | btsp: plateau_events=5120 potentiation_events=11328
[iter-66 diag] seed=42 epoch=2/5 teacher: trials=256 c1_active_frac=1.000 c1_spikes_mean=300.01 clamp_eff=1.000 | eval: kwta_empty=32/32 target_in_dict=0/32 spikes_mean=0.00 top3_r2=0.0312 top3_c1=0.0000 mrr_c1=0.0000 raw_overlap=0.000 dict_concepts=0 | r2c1: l2=81.2751 nz_upd=42000 max|Δw|=0.7967 sum|Δw|=11531.0425 tgt_w=0.2692 non_w=0.2239 w_ratio=1.202 | btsp: plateau_events=5120 potentiation_events=11131
[iter-66 diag] seed=42 epoch=3/5 teacher: trials=256 c1_active_frac=1.000 c1_spikes_mean=300.01 clamp_eff=1.000 | eval: kwta_empty=32/32 target_in_dict=0/32 spikes_mean=0.00 top3_r2=0.0312 top3_c1=0.0000 mrr_c1=0.0000 raw_overlap=0.000 dict_concepts=0 | r2c1: l2=81.3020 nz_upd=42000 max|Δw|=0.7967 sum|Δw|=11532.5339 tgt_w=0.2694 non_w=0.2239 w_ratio=1.203 | btsp: plateau_events=5120 potentiation_events=11018
[iter-66 diag] seed=42 epoch=4/5 teacher: trials=256 c1_active_frac=1.000 c1_spikes_mean=300.02 clamp_eff=1.000 | eval: kwta_empty=32/32 target_in_dict=0/32 spikes_mean=0.00 top3_r2=0.0312 top3_c1=0.0000 mrr_c1=0.0000 raw_overlap=0.000 dict_concepts=0 | r2c1: l2=81.3771 nz_upd=42000 max|Δw|=0.7967 sum|Δw|=11537.7848 tgt_w=0.2699 non_w=0.2239 w_ratio=1.205 | btsp: plateau_events=5120 potentiation_events=10942
[iter-63 trained] seed=42 target_top3_overlap=0.0312 c1_target_top3_overlap=0.0000 (mean top3_accuracy over 5 epochs, vocab=64, dg=true, c1=true, decorrelated=true, recall_mode=true)
### Iter-66 — C1 readout (trained arm)

_n_seeds = 1, vocab = 64, ep = 5, DG = true, recall-mode = true, c1.size = 1000, c1.teacher_strength = 1.00_

| Seed | target_top3_overlap (R2) | c1_target_top3_overlap (C1) | C1 − R2 |
| ---: | ---: | ---: | ---: |
| 42 | 0.0312 | 0.0000 | -0.0312 |

**Aggregate:** R2 μ = 0.0312 ± 0.0000, C1 μ = 0.0000 ± 0.0000 (n = 1).

Verdict matrix (locked in notes/66-ca1-heteroassoc-readout.md) is applied at the step-8 main run (8 seeds × 32 epochs). Smoke runs report pipeline integrity only.
=== done scale = 0.50 ===
=== c1_btsp_teacher_recurrent_scale = 0.80 ===
    Finished `release` profile [optimized] target(s) in 0.07s
     Running `target/release/examples/reward_benchmark --c1-readout --c1-diagnostic --c1-eval-aligned-rstdp --c1-btsp --c1-btsp-target-gated --c1-btsp-window-ms 200 --c1-btsp-strength 0.4 --c1-btsp-teacher-recurrent-scale 0.80 --c1-teacher-strength 1.0 --seeds 42 --epochs 5 --teacher-forcing --target-clamp-strength 500 --teacher-ms 40 --corpus-vocab 64 --dg-bridge --plasticity-off-during-eval --decorrelated-init`
[iter-66] c1_readout mode=trained seeds=[42] epochs=5 vocab=64 dg=true c1.size=1000 c1.sparsity_k=20 c1.from_r2_fanout=30 c1.teacher_strength=1.00 clamp=500 teacher_ms=40 recall_mode_eval=true
[iter-63 trained] seed=42 decorrelated init: vocab=64 R2_N=2000 R2-E=1400 block_size=21 (disjoint invariant ✓)
[iter-63 trained] seed=42 DG bridge: dg_size=4000 dg_k=80 dg_to_r2_fanout=30 dg_to_r2_weight=1.00 direct_r1r2_scale=0.00
[iter-66 trained] seed=42 C1 readout: c1_size=1000 sparsity_k=20 from_r2_fanout=30 init_w_max=0.50 teacher_strength=1.00 (R2-E→C1 plastic, M_target gated)
[iter-66 diag] seed=42 pre-train: r2_r2_synapses=199492 r2c1_synapses=42000 r2c1_l2=59.0621 r2c1_mean_w=0.2496 r2c1_init_w_max=0.50
[iter-66 diag] seed=42 epoch=0/5 teacher: trials=256 c1_active_frac=1.000 c1_spikes_mean=329.01 clamp_eff=1.000 | eval: kwta_empty=32/32 target_in_dict=0/32 spikes_mean=0.00 top3_r2=0.0312 top3_c1=0.0000 mrr_c1=0.0000 raw_overlap=0.000 dict_concepts=0 | r2c1: l2=79.1142 nz_upd=42000 max|Δw|=0.7977 sum|Δw|=11366.6565 tgt_w=0.2568 non_w=0.2174 w_ratio=1.181 | btsp: plateau_events=6169 potentiation_events=46408
[iter-66 diag] seed=42 epoch=1/5 teacher: trials=256 c1_active_frac=1.000 c1_spikes_mean=300.02 clamp_eff=1.000 | eval: kwta_empty=32/32 target_in_dict=0/32 spikes_mean=0.00 top3_r2=0.0312 top3_c1=0.0000 mrr_c1=0.0000 raw_overlap=0.000 dict_concepts=0 | r2c1: l2=80.0519 nz_upd=42000 max|Δw|=0.7977 sum|Δw|=11459.2041 tgt_w=0.2620 non_w=0.2174 w_ratio=1.205 | btsp: plateau_events=5120 potentiation_events=11334
[iter-66 diag] seed=42 epoch=2/5 teacher: trials=256 c1_active_frac=1.000 c1_spikes_mean=300.02 clamp_eff=1.000 | eval: kwta_empty=32/32 target_in_dict=0/32 spikes_mean=0.00 top3_r2=0.0312 top3_c1=0.0000 mrr_c1=0.0000 raw_overlap=0.000 dict_concepts=0 | r2c1: l2=80.2816 nz_upd=42000 max|Δw|=0.7977 sum|Δw|=11479.5368 tgt_w=0.2635 non_w=0.2174 w_ratio=1.212 | btsp: plateau_events=5120 potentiation_events=11124
[iter-66 diag] seed=42 epoch=3/5 teacher: trials=256 c1_active_frac=1.000 c1_spikes_mean=300.01 clamp_eff=1.000 | eval: kwta_empty=32/32 target_in_dict=0/32 spikes_mean=0.00 top3_r2=0.0312 top3_c1=0.0000 mrr_c1=0.0000 raw_overlap=0.000 dict_concepts=0 | r2c1: l2=80.3374 nz_upd=42000 max|Δw|=0.7977 sum|Δw|=11484.0723 tgt_w=0.2640 non_w=0.2174 w_ratio=1.214 | btsp: plateau_events=5120 potentiation_events=10969
[iter-66 diag] seed=42 epoch=4/5 teacher: trials=256 c1_active_frac=1.000 c1_spikes_mean=300.01 clamp_eff=1.000 | eval: kwta_empty=32/32 target_in_dict=0/32 spikes_mean=0.00 top3_r2=0.0312 top3_c1=0.0000 mrr_c1=0.0000 raw_overlap=0.000 dict_concepts=0 | r2c1: l2=80.3854 nz_upd=42000 max|Δw|=0.7977 sum|Δw|=11486.5891 tgt_w=0.2643 non_w=0.2174 w_ratio=1.216 | btsp: plateau_events=5120 potentiation_events=10922
[iter-63 trained] seed=42 target_top3_overlap=0.0312 c1_target_top3_overlap=0.0000 (mean top3_accuracy over 5 epochs, vocab=64, dg=true, c1=true, decorrelated=true, recall_mode=true)
### Iter-66 — C1 readout (trained arm)

_n_seeds = 1, vocab = 64, ep = 5, DG = true, recall-mode = true, c1.size = 1000, c1.teacher_strength = 1.00_

| Seed | target_top3_overlap (R2) | c1_target_top3_overlap (C1) | C1 − R2 |
| ---: | ---: | ---: | ---: |
| 42 | 0.0312 | 0.0000 | -0.0312 |

**Aggregate:** R2 μ = 0.0312 ± 0.0000, C1 μ = 0.0000 ± 0.0000 (n = 1).

Verdict matrix (locked in notes/66-ca1-heteroassoc-readout.md) is applied at the step-8 main run (8 seeds × 32 epochs). Smoke runs report pipeline integrity only.
=== done scale = 0.80 ===
=== sweep complete ===
