=== c1_btsp_window_ms = 100 ===
    Finished `release` profile [optimized] target(s) in 3.79s
     Running `target/release/examples/reward_benchmark --c1-readout --c1-diagnostic --c1-eval-aligned-rstdp --c1-btsp --c1-btsp-target-gated --c1-btsp-window-ms 100 --c1-btsp-strength 0.4 --c1-btsp-teacher-recurrent-scale 1.0 --c1-teacher-strength 1.0 --seeds 42 --epochs 5 --teacher-forcing --target-clamp-strength 500 --teacher-ms 40 --corpus-vocab 64 --dg-bridge --plasticity-off-during-eval --decorrelated-init`
[iter-66] c1_readout mode=trained seeds=[42] epochs=5 vocab=64 dg=true c1.size=1000 c1.sparsity_k=20 c1.from_r2_fanout=30 c1.teacher_strength=1.00 clamp=500 teacher_ms=40 recall_mode_eval=true
[iter-63 trained] seed=42 decorrelated init: vocab=64 R2_N=2000 R2-E=1400 block_size=21 (disjoint invariant ✓)
[iter-63 trained] seed=42 DG bridge: dg_size=4000 dg_k=80 dg_to_r2_fanout=30 dg_to_r2_weight=1.00 direct_r1r2_scale=0.00
[iter-66 trained] seed=42 C1 readout: c1_size=1000 sparsity_k=20 from_r2_fanout=30 init_w_max=0.50 teacher_strength=1.00 (R2-E→C1 plastic, M_target gated)
[iter-66 diag] seed=42 pre-train: r2_r2_synapses=199492 r2c1_synapses=42000 r2c1_l2=59.0621 r2c1_mean_w=0.2496 r2c1_init_w_max=0.50
[iter-66 diag] seed=42 epoch=0/5 teacher: trials=256 c1_active_frac=1.000 c1_spikes_mean=337.87 clamp_eff=1.000 | eval: kwta_empty=32/32 target_in_dict=0/32 spikes_mean=0.00 top3_r2=0.0312 top3_c1=0.0000 mrr_c1=0.0000 raw_overlap=0.000 dict_concepts=0 | r2c1: l2=77.6878 nz_upd=42000 max|Δw|=0.7971 sum|Δw|=11411.2254 tgt_w=0.2463 non_w=0.2090 w_ratio=1.178 | btsp: plateau_events=6131 potentiation_events=45551
[iter-66 diag] seed=42 epoch=1/5 teacher: trials=256 c1_active_frac=1.000 c1_spikes_mean=300.02 clamp_eff=1.000 | eval: kwta_empty=32/32 target_in_dict=0/32 spikes_mean=0.00 top3_r2=0.0312 top3_c1=0.0000 mrr_c1=0.0000 raw_overlap=0.000 dict_concepts=0 | r2c1: l2=78.8212 nz_upd=42000 max|Δw|=0.7971 sum|Δw|=11517.7689 tgt_w=0.2520 non_w=0.2090 w_ratio=1.206 | btsp: plateau_events=5120 potentiation_events=11324
[iter-66 diag] seed=42 epoch=2/5 teacher: trials=256 c1_active_frac=1.000 c1_spikes_mean=300.02 clamp_eff=1.000 | eval: kwta_empty=32/32 target_in_dict=0/32 spikes_mean=0.00 top3_r2=0.0312 top3_c1=0.0000 mrr_c1=0.0000 raw_overlap=0.000 dict_concepts=0 | r2c1: l2=79.1698 nz_upd=42000 max|Δw|=0.7971 sum|Δw|=11551.3633 tgt_w=0.2542 non_w=0.2090 w_ratio=1.216 | btsp: plateau_events=5120 potentiation_events=11117
[iter-66 diag] seed=42 epoch=3/5 teacher: trials=256 c1_active_frac=1.000 c1_spikes_mean=300.02 clamp_eff=1.000 | eval: kwta_empty=32/32 target_in_dict=0/32 spikes_mean=0.00 top3_r2=0.0312 top3_c1=0.0000 mrr_c1=0.0000 raw_overlap=0.000 dict_concepts=1 | r2c1: l2=79.2364 nz_upd=42000 max|Δw|=0.7971 sum|Δw|=11557.4682 tgt_w=0.2546 non_w=0.2090 w_ratio=1.218 | btsp: plateau_events=5120 potentiation_events=10930
[iter-66 diag] seed=42 epoch=4/5 teacher: trials=256 c1_active_frac=1.000 c1_spikes_mean=300.01 clamp_eff=1.000 | eval: kwta_empty=32/32 target_in_dict=0/32 spikes_mean=0.00 top3_r2=0.0312 top3_c1=0.0000 mrr_c1=0.0000 raw_overlap=0.000 dict_concepts=0 | r2c1: l2=79.2893 nz_upd=42000 max|Δw|=0.7971 sum|Δw|=11558.9571 tgt_w=0.2549 non_w=0.2090 w_ratio=1.220 | btsp: plateau_events=5120 potentiation_events=10926
[iter-63 trained] seed=42 target_top3_overlap=0.0312 c1_target_top3_overlap=0.0000 (mean top3_accuracy over 5 epochs, vocab=64, dg=true, c1=true, decorrelated=true, recall_mode=true)
### Iter-66 — C1 readout (trained arm)

_n_seeds = 1, vocab = 64, ep = 5, DG = true, recall-mode = true, c1.size = 1000, c1.teacher_strength = 1.00_

| Seed | target_top3_overlap (R2) | c1_target_top3_overlap (C1) | C1 − R2 |
| ---: | ---: | ---: | ---: |
| 42 | 0.0312 | 0.0000 | -0.0312 |

**Aggregate:** R2 μ = 0.0312 ± 0.0000, C1 μ = 0.0000 ± 0.0000 (n = 1).

Verdict matrix (locked in notes/66-ca1-heteroassoc-readout.md) is applied at the step-8 main run (8 seeds × 32 epochs). Smoke runs report pipeline integrity only.
=== done window = 100 ===
=== c1_btsp_window_ms = 150 ===
    Finished `release` profile [optimized] target(s) in 0.08s
     Running `target/release/examples/reward_benchmark --c1-readout --c1-diagnostic --c1-eval-aligned-rstdp --c1-btsp --c1-btsp-target-gated --c1-btsp-window-ms 150 --c1-btsp-strength 0.4 --c1-btsp-teacher-recurrent-scale 1.0 --c1-teacher-strength 1.0 --seeds 42 --epochs 5 --teacher-forcing --target-clamp-strength 500 --teacher-ms 40 --corpus-vocab 64 --dg-bridge --plasticity-off-during-eval --decorrelated-init`
[iter-66] c1_readout mode=trained seeds=[42] epochs=5 vocab=64 dg=true c1.size=1000 c1.sparsity_k=20 c1.from_r2_fanout=30 c1.teacher_strength=1.00 clamp=500 teacher_ms=40 recall_mode_eval=true
[iter-63 trained] seed=42 decorrelated init: vocab=64 R2_N=2000 R2-E=1400 block_size=21 (disjoint invariant ✓)
[iter-63 trained] seed=42 DG bridge: dg_size=4000 dg_k=80 dg_to_r2_fanout=30 dg_to_r2_weight=1.00 direct_r1r2_scale=0.00
[iter-66 trained] seed=42 C1 readout: c1_size=1000 sparsity_k=20 from_r2_fanout=30 init_w_max=0.50 teacher_strength=1.00 (R2-E→C1 plastic, M_target gated)
[iter-66 diag] seed=42 pre-train: r2_r2_synapses=199492 r2c1_synapses=42000 r2c1_l2=59.0621 r2c1_mean_w=0.2496 r2c1_init_w_max=0.50
[iter-66 diag] seed=42 epoch=0/5 teacher: trials=256 c1_active_frac=1.000 c1_spikes_mean=337.88 clamp_eff=1.000 | eval: kwta_empty=32/32 target_in_dict=0/32 spikes_mean=0.00 top3_r2=0.0312 top3_c1=0.0000 mrr_c1=0.0000 raw_overlap=0.000 dict_concepts=0 | r2c1: l2=78.0641 nz_upd=42000 max|Δw|=0.7971 sum|Δw|=11451.1648 tgt_w=0.2478 non_w=0.2090 w_ratio=1.185 | btsp: plateau_events=6131 potentiation_events=45551
[iter-66 diag] seed=42 epoch=1/5 teacher: trials=256 c1_active_frac=1.000 c1_spikes_mean=300.02 clamp_eff=1.000 | eval: kwta_empty=32/32 target_in_dict=0/32 spikes_mean=0.00 top3_r2=0.0312 top3_c1=0.0000 mrr_c1=0.0000 raw_overlap=0.000 dict_concepts=0 | r2c1: l2=78.9497 nz_upd=42000 max|Δw|=0.7971 sum|Δw|=11532.3588 tgt_w=0.2527 non_w=0.2090 w_ratio=1.209 | btsp: plateau_events=5120 potentiation_events=11324
[iter-66 diag] seed=42 epoch=2/5 teacher: trials=256 c1_active_frac=1.000 c1_spikes_mean=300.01 clamp_eff=1.000 | eval: kwta_empty=32/32 target_in_dict=0/32 spikes_mean=0.00 top3_r2=0.0312 top3_c1=0.0000 mrr_c1=0.0000 raw_overlap=0.000 dict_concepts=0 | r2c1: l2=79.2709 nz_upd=42000 max|Δw|=0.7971 sum|Δw|=11563.0287 tgt_w=0.2547 non_w=0.2090 w_ratio=1.219 | btsp: plateau_events=5120 potentiation_events=11117
[iter-66 diag] seed=42 epoch=3/5 teacher: trials=256 c1_active_frac=1.000 c1_spikes_mean=300.02 clamp_eff=1.000 | eval: kwta_empty=32/32 target_in_dict=0/32 spikes_mean=0.00 top3_r2=0.0312 top3_c1=0.0000 mrr_c1=0.0000 raw_overlap=0.000 dict_concepts=1 | r2c1: l2=79.3306 nz_upd=42000 max|Δw|=0.7971 sum|Δw|=11568.3037 tgt_w=0.2551 non_w=0.2090 w_ratio=1.221 | btsp: plateau_events=5120 potentiation_events=10930
[iter-66 diag] seed=42 epoch=4/5 teacher: trials=256 c1_active_frac=1.000 c1_spikes_mean=300.01 clamp_eff=1.000 | eval: kwta_empty=32/32 target_in_dict=0/32 spikes_mean=0.00 top3_r2=0.0312 top3_c1=0.0000 mrr_c1=0.0000 raw_overlap=0.000 dict_concepts=0 | r2c1: l2=79.3757 nz_upd=42000 max|Δw|=0.7971 sum|Δw|=11569.0377 tgt_w=0.2554 non_w=0.2090 w_ratio=1.222 | btsp: plateau_events=5120 potentiation_events=10926
[iter-63 trained] seed=42 target_top3_overlap=0.0312 c1_target_top3_overlap=0.0000 (mean top3_accuracy over 5 epochs, vocab=64, dg=true, c1=true, decorrelated=true, recall_mode=true)
### Iter-66 — C1 readout (trained arm)

_n_seeds = 1, vocab = 64, ep = 5, DG = true, recall-mode = true, c1.size = 1000, c1.teacher_strength = 1.00_

| Seed | target_top3_overlap (R2) | c1_target_top3_overlap (C1) | C1 − R2 |
| ---: | ---: | ---: | ---: |
| 42 | 0.0312 | 0.0000 | -0.0312 |

**Aggregate:** R2 μ = 0.0312 ± 0.0000, C1 μ = 0.0000 ± 0.0000 (n = 1).

Verdict matrix (locked in notes/66-ca1-heteroassoc-readout.md) is applied at the step-8 main run (8 seeds × 32 epochs). Smoke runs report pipeline integrity only.
=== done window = 150 ===
=== c1_btsp_window_ms = 250 ===
    Finished `release` profile [optimized] target(s) in 0.08s
     Running `target/release/examples/reward_benchmark --c1-readout --c1-diagnostic --c1-eval-aligned-rstdp --c1-btsp --c1-btsp-target-gated --c1-btsp-window-ms 250 --c1-btsp-strength 0.4 --c1-btsp-teacher-recurrent-scale 1.0 --c1-teacher-strength 1.0 --seeds 42 --epochs 5 --teacher-forcing --target-clamp-strength 500 --teacher-ms 40 --corpus-vocab 64 --dg-bridge --plasticity-off-during-eval --decorrelated-init`
[iter-66] c1_readout mode=trained seeds=[42] epochs=5 vocab=64 dg=true c1.size=1000 c1.sparsity_k=20 c1.from_r2_fanout=30 c1.teacher_strength=1.00 clamp=500 teacher_ms=40 recall_mode_eval=true
[iter-63 trained] seed=42 decorrelated init: vocab=64 R2_N=2000 R2-E=1400 block_size=21 (disjoint invariant ✓)
[iter-63 trained] seed=42 DG bridge: dg_size=4000 dg_k=80 dg_to_r2_fanout=30 dg_to_r2_weight=1.00 direct_r1r2_scale=0.00
[iter-66 trained] seed=42 C1 readout: c1_size=1000 sparsity_k=20 from_r2_fanout=30 init_w_max=0.50 teacher_strength=1.00 (R2-E→C1 plastic, M_target gated)
[iter-66 diag] seed=42 pre-train: r2_r2_synapses=199492 r2c1_synapses=42000 r2c1_l2=59.0621 r2c1_mean_w=0.2496 r2c1_init_w_max=0.50
[iter-66 diag] seed=42 epoch=0/5 teacher: trials=256 c1_active_frac=1.000 c1_spikes_mean=337.86 clamp_eff=1.000 | eval: kwta_empty=32/32 target_in_dict=0/32 spikes_mean=0.00 top3_r2=0.0312 top3_c1=0.0000 mrr_c1=0.0000 raw_overlap=0.000 dict_concepts=0 | r2c1: l2=78.1242 nz_upd=42000 max|Δw|=0.7971 sum|Δw|=11459.4107 tgt_w=0.2481 non_w=0.2090 w_ratio=1.187 | btsp: plateau_events=6131 potentiation_events=45551
[iter-66 diag] seed=42 epoch=1/5 teacher: trials=256 c1_active_frac=1.000 c1_spikes_mean=300.02 clamp_eff=1.000 | eval: kwta_empty=32/32 target_in_dict=0/32 spikes_mean=0.00 top3_r2=0.0312 top3_c1=0.0000 mrr_c1=0.0000 raw_overlap=0.000 dict_concepts=0 | r2c1: l2=79.0002 nz_upd=42000 max|Δw|=0.7971 sum|Δw|=11539.6222 tgt_w=0.2529 non_w=0.2090 w_ratio=1.210 | btsp: plateau_events=5120 potentiation_events=11324
[iter-66 diag] seed=42 epoch=2/5 teacher: trials=256 c1_active_frac=1.000 c1_spikes_mean=300.01 clamp_eff=1.000 | eval: kwta_empty=32/32 target_in_dict=0/32 spikes_mean=0.00 top3_r2=0.0312 top3_c1=0.0000 mrr_c1=0.0000 raw_overlap=0.000 dict_concepts=0 | r2c1: l2=79.3090 nz_upd=42000 max|Δw|=0.7971 sum|Δw|=11569.0915 tgt_w=0.2549 non_w=0.2090 w_ratio=1.220 | btsp: plateau_events=5120 potentiation_events=11117
[iter-66 diag] seed=42 epoch=3/5 teacher: trials=256 c1_active_frac=1.000 c1_spikes_mean=300.02 clamp_eff=1.000 | eval: kwta_empty=32/32 target_in_dict=0/32 spikes_mean=0.00 top3_r2=0.0312 top3_c1=0.0000 mrr_c1=0.0000 raw_overlap=0.000 dict_concepts=1 | r2c1: l2=79.3636 nz_upd=42000 max|Δw|=0.7971 sum|Δw|=11573.7282 tgt_w=0.2552 non_w=0.2090 w_ratio=1.221 | btsp: plateau_events=5120 potentiation_events=10930
[iter-66 diag] seed=42 epoch=4/5 teacher: trials=256 c1_active_frac=1.000 c1_spikes_mean=300.01 clamp_eff=1.000 | eval: kwta_empty=32/32 target_in_dict=0/32 spikes_mean=0.00 top3_r2=0.0312 top3_c1=0.0000 mrr_c1=0.0000 raw_overlap=0.000 dict_concepts=0 | r2c1: l2=79.4094 nz_upd=42000 max|Δw|=0.7971 sum|Δw|=11574.5627 tgt_w=0.2555 non_w=0.2090 w_ratio=1.223 | btsp: plateau_events=5120 potentiation_events=10926
[iter-63 trained] seed=42 target_top3_overlap=0.0312 c1_target_top3_overlap=0.0000 (mean top3_accuracy over 5 epochs, vocab=64, dg=true, c1=true, decorrelated=true, recall_mode=true)
### Iter-66 — C1 readout (trained arm)

_n_seeds = 1, vocab = 64, ep = 5, DG = true, recall-mode = true, c1.size = 1000, c1.teacher_strength = 1.00_

| Seed | target_top3_overlap (R2) | c1_target_top3_overlap (C1) | C1 − R2 |
| ---: | ---: | ---: | ---: |
| 42 | 0.0312 | 0.0000 | -0.0312 |

**Aggregate:** R2 μ = 0.0312 ± 0.0000, C1 μ = 0.0000 ± 0.0000 (n = 1).

Verdict matrix (locked in notes/66-ca1-heteroassoc-readout.md) is applied at the step-8 main run (8 seeds × 32 epochs). Smoke runs report pipeline integrity only.
=== done window = 250 ===
=== sweep complete ===
